[debug] [2022-01-09T03:00:10.583Z] ----------------------------------------------------------------------
[debug] [2022-01-09T03:00:10.584Z] Command:       /usr/local/bin/node /usr/local/bin/firebase serve
[debug] [2022-01-09T03:00:10.585Z] CLI Version:   10.0.1
[debug] [2022-01-09T03:00:10.585Z] Platform:      darwin
[debug] [2022-01-09T03:00:10.585Z] Node Version:  v16.13.1
[debug] [2022-01-09T03:00:10.586Z] Time:          Sun Jan 09 2022 08:30:10 GMT+0530 (India Standard Time)
[debug] [2022-01-09T03:00:10.586Z] ----------------------------------------------------------------------
[debug] 
[debug] [2022-01-09T03:00:10.626Z] > command requires scopes: ["email","openid","https://www.googleapis.com/auth/cloudplatformprojects.readonly","https://www.googleapis.com/auth/firebase","https://www.googleapis.com/auth/cloud-platform"]
[debug] [2022-01-09T03:00:10.626Z] > authorizing via signed-in user (ashokcpt18@gmail.com)
[debug] [2022-01-09T03:00:10.626Z] [iam] checking project stockparties for permissions ["firebase.projects.get"]
[debug] [2022-01-09T03:00:10.628Z] > refreshing access token with scopes: ["email","https://www.googleapis.com/auth/cloud-platform","https://www.googleapis.com/auth/cloudplatformprojects.readonly","https://www.googleapis.com/auth/firebase","openid"]
[debug] [2022-01-09T03:00:10.628Z] >>> HTTP REQUEST POST https://www.googleapis.com/oauth2/v3/token  
 <request body omitted>
[debug] [2022-01-09T03:00:11.071Z] <<< HTTP RESPONSE 200 {"pragma":"no-cache","expires":"Mon, 01 Jan 1990 00:00:00 GMT","date":"Sun, 09 Jan 2022 03:00:12 GMT","cache-control":"no-cache, no-store, max-age=0, must-revalidate","content-type":"application/json; charset=utf-8","vary":"X-Origin, Referer, Origin,Accept-Encoding","server":"scaffolding on HTTPServer2","x-xss-protection":"0","x-frame-options":"SAMEORIGIN","x-content-type-options":"nosniff","alt-svc":"h3=\":443\"; ma=2592000,h3-29=\":443\"; ma=2592000,h3-Q050=\":443\"; ma=2592000,h3-Q046=\":443\"; ma=2592000,h3-Q043=\":443\"; ma=2592000,quic=\":443\"; ma=2592000; v=\"46,43\"","accept-ranges":"none","transfer-encoding":"chunked"}
[debug] [2022-01-09T03:00:11.094Z] >>> HTTP REQUEST POST https://cloudresourcemanager.googleapis.com/v1/projects/stockparties:testIamPermissions  
 {"permissions":["firebase.projects.get"]}
[debug] [2022-01-09T03:00:13.066Z] <<< HTTP RESPONSE 200 {"content-type":"application/json; charset=UTF-8","vary":"X-Origin, Referer, Origin,Accept-Encoding","date":"Sun, 09 Jan 2022 03:00:13 GMT","server":"ESF","cache-control":"private","x-xss-protection":"0","x-frame-options":"SAMEORIGIN","x-content-type-options":"nosniff","server-timing":"gfet4t7; dur=1551","alt-svc":"h3=\":443\"; ma=2592000,h3-29=\":443\"; ma=2592000,h3-Q050=\":443\"; ma=2592000,h3-Q046=\":443\"; ma=2592000,h3-Q043=\":443\"; ma=2592000,quic=\":443\"; ma=2592000; v=\"46,43\"","accept-ranges":"none","transfer-encoding":"chunked"}
[debug] [2022-01-09T03:00:13.067Z] > refreshing access token with scopes: []
[debug] [2022-01-09T03:00:13.068Z] >>> HTTP REQUEST POST https://www.googleapis.com/oauth2/v3/token  
 <request body omitted>
[debug] [2022-01-09T03:00:13.487Z] <<< HTTP RESPONSE 200 {"pragma":"no-cache","expires":"Mon, 01 Jan 1990 00:00:00 GMT","date":"Sun, 09 Jan 2022 03:00:14 GMT","cache-control":"no-cache, no-store, max-age=0, must-revalidate","content-type":"application/json; charset=utf-8","vary":"X-Origin, Referer, Origin,Accept-Encoding","server":"scaffolding on HTTPServer2","x-xss-protection":"0","x-frame-options":"SAMEORIGIN","x-content-type-options":"nosniff","alt-svc":"h3=\":443\"; ma=2592000,h3-29=\":443\"; ma=2592000,h3-Q050=\":443\"; ma=2592000,h3-Q046=\":443\"; ma=2592000,h3-Q043=\":443\"; ma=2592000,quic=\":443\"; ma=2592000; v=\"46,43\"","accept-ranges":"none","transfer-encoding":"chunked"}
[debug] [2022-01-09T03:00:13.507Z] >>> [apiv2][query] GET https://firebase.googleapis.com/v1beta1/projects/stockparties [none]
[debug] [2022-01-09T03:00:14.301Z] <<< [apiv2][status] GET https://firebase.googleapis.com/v1beta1/projects/stockparties 200
[debug] [2022-01-09T03:00:14.301Z] <<< [apiv2][body] GET https://firebase.googleapis.com/v1beta1/projects/stockparties {"projectId":"stockparties","projectNumber":"856076430916","displayName":"stockparties","name":"projects/stockparties","resources":{"hostingSite":"stockparties","realtimeDatabaseInstance":"stockparties-default-rtdb","storageBucket":"stockparties.appspot.com","locationId":"us-central"},"state":"ACTIVE"}
[info] 
[info] === Serving from '/Users/ashok-10278/my-app'...
[info] 
[debug] [2022-01-09T03:00:14.303Z] >>> [apiv2][query] GET https://firebasehosting.googleapis.com/v1beta1/projects/stockparties/sites 
[debug] [2022-01-09T03:00:16.344Z] <<< [apiv2][status] GET https://firebasehosting.googleapis.com/v1beta1/projects/stockparties/sites 200
[debug] [2022-01-09T03:00:16.344Z] <<< [apiv2][body] GET https://firebasehosting.googleapis.com/v1beta1/projects/stockparties/sites {"sites":[{"name":"projects/856076430916/sites/stockparties","defaultUrl":"https://stockparties.web.app","appId":"1:856076430916:web:3b0a9742ea178d1d4f1611","type":"DEFAULT_SITE"}]}
[debug] [2022-01-09T03:00:16.344Z] >>> [apiv2][query] GET https://firebase.googleapis.com/v1beta1/projects/stockparties/webApps/1:856076430916:web:3b0a9742ea178d1d4f1611/config [none]
[debug] [2022-01-09T03:00:18.070Z] <<< [apiv2][status] GET https://firebase.googleapis.com/v1beta1/projects/stockparties/webApps/1:856076430916:web:3b0a9742ea178d1d4f1611/config 200
[debug] [2022-01-09T03:00:18.070Z] <<< [apiv2][body] GET https://firebase.googleapis.com/v1beta1/projects/stockparties/webApps/1:856076430916:web:3b0a9742ea178d1d4f1611/config {"projectId":"stockparties","appId":"1:856076430916:web:3b0a9742ea178d1d4f1611","databaseURL":"https://stockparties-default-rtdb.firebaseio.com","storageBucket":"stockparties.appspot.com","locationId":"us-central","apiKey":"AIzaSyA3S3hYNmn6chilFIKBc_V4BV_pvE4dC6s","authDomain":"stockparties.firebaseapp.com","messagingSenderId":"856076430916"}
[info] i  hosting: Serving hosting files from: src {"metadata":{"emulator":{"name":"hosting"},"message":"Serving hosting files from: \u001b[1msrc\u001b[22m"}}
[info] ✔  hosting: Local server: http://localhost:5000 {"metadata":{"emulator":{"name":"hosting"},"message":"Local server: \u001b[4m\u001b[1mhttp://localhost:5000\u001b[22m\u001b[24m"}}
[info] i  hosting: 127.0.0.1 - - [09/Jan/2022:03:00:45 +0000] "GET / HTTP/1.1" 200 575 "-" "Mozilla/5.0 (Macintosh; Intel Mac OS X 10_15_7) AppleWebKit/537.36 (KHTML, like Gecko) Chrome/96.0.4664.110 Safari/537.36" {"metadata":{"emulator":{"name":"hosting"},"message":"127.0.0.1 - - [09/Jan/2022:03:00:45 +0000] \"GET / HTTP/1.1\" 200 575 \"-\" \"Mozilla/5.0 (Macintosh; Intel Mac OS X 10_15_7) AppleWebKit/537.36 (KHTML, like Gecko) Chrome/96.0.4664.110 Safari/537.36\""}}
